mode: atomic
github.com/elithrar/simple-scrypt/scrypt.go:61.49,65.16 3 38
github.com/elithrar/simple-scrypt/scrypt.go:65.16,67.3 1 0
github.com/elithrar/simple-scrypt/scrypt.go:69.2,69.15 1 38
github.com/elithrar/simple-scrypt/scrypt.go:77.75,79.16 2 23
github.com/elithrar/simple-scrypt/scrypt.go:79.16,81.3 1 0
github.com/elithrar/simple-scrypt/scrypt.go:83.2,83.39 1 23
github.com/elithrar/simple-scrypt/scrypt.go:83.39,85.3 1 9
github.com/elithrar/simple-scrypt/scrypt.go:88.2,89.16 2 14
github.com/elithrar/simple-scrypt/scrypt.go:89.16,91.3 1 0
github.com/elithrar/simple-scrypt/scrypt.go:95.2,95.91 1 14
github.com/elithrar/simple-scrypt/scrypt.go:102.65,105.16 2 3
github.com/elithrar/simple-scrypt/scrypt.go:105.16,107.3 1 1
github.com/elithrar/simple-scrypt/scrypt.go:110.2,111.16 2 2
github.com/elithrar/simple-scrypt/scrypt.go:111.16,113.3 1 0
github.com/elithrar/simple-scrypt/scrypt.go:116.2,116.48 1 2
github.com/elithrar/simple-scrypt/scrypt.go:116.48,118.3 1 1
github.com/elithrar/simple-scrypt/scrypt.go:120.2,120.37 1 1
github.com/elithrar/simple-scrypt/scrypt.go:125.32,127.44 1 35
github.com/elithrar/simple-scrypt/scrypt.go:127.44,129.3 1 5
github.com/elithrar/simple-scrypt/scrypt.go:132.2,132.29 1 30
github.com/elithrar/simple-scrypt/scrypt.go:132.29,134.3 1 1
github.com/elithrar/simple-scrypt/scrypt.go:137.2,137.29 1 29
github.com/elithrar/simple-scrypt/scrypt.go:137.29,139.3 1 1
github.com/elithrar/simple-scrypt/scrypt.go:143.2,143.106 1 28
github.com/elithrar/simple-scrypt/scrypt.go:143.106,145.3 1 1
github.com/elithrar/simple-scrypt/scrypt.go:148.2,148.50 1 27
github.com/elithrar/simple-scrypt/scrypt.go:148.50,150.3 1 1
github.com/elithrar/simple-scrypt/scrypt.go:153.2,153.44 1 26
github.com/elithrar/simple-scrypt/scrypt.go:153.44,155.3 1 1
github.com/elithrar/simple-scrypt/scrypt.go:157.2,157.12 1 25
github.com/elithrar/simple-scrypt/scrypt.go:163.62,167.20 2 11
github.com/elithrar/simple-scrypt/scrypt.go:167.20,169.3 1 2
github.com/elithrar/simple-scrypt/scrypt.go:171.2,175.16 4 9
github.com/elithrar/simple-scrypt/scrypt.go:175.16,177.3 1 1
github.com/elithrar/simple-scrypt/scrypt.go:179.2,180.16 2 8
github.com/elithrar/simple-scrypt/scrypt.go:180.16,182.3 1 1
github.com/elithrar/simple-scrypt/scrypt.go:184.2,185.16 2 7
github.com/elithrar/simple-scrypt/scrypt.go:185.16,187.3 1 1
github.com/elithrar/simple-scrypt/scrypt.go:189.2,190.16 2 6
github.com/elithrar/simple-scrypt/scrypt.go:190.16,192.3 1 1
github.com/elithrar/simple-scrypt/scrypt.go:193.2,196.16 3 5
github.com/elithrar/simple-scrypt/scrypt.go:196.16,198.3 1 1
github.com/elithrar/simple-scrypt/scrypt.go:199.2,201.39 2 4
github.com/elithrar/simple-scrypt/scrypt.go:201.39,203.3 1 1
github.com/elithrar/simple-scrypt/scrypt.go:205.2,205.30 1 3
github.com/elithrar/simple-scrypt/scrypt.go:211.40,215.2 2 8
github.com/elithrar/simple-scrypt/scrypt.go:225.86,227.72 2 8
github.com/elithrar/simple-scrypt/scrypt.go:227.72,229.3 1 8
github.com/elithrar/simple-scrypt/scrypt.go:229.8,229.41 1 0
github.com/elithrar/simple-scrypt/scrypt.go:229.41,231.3 1 0
github.com/elithrar/simple-scrypt/scrypt.go:232.2,232.18 1 8
github.com/elithrar/simple-scrypt/scrypt.go:232.18,234.3 1 0
github.com/elithrar/simple-scrypt/scrypt.go:235.2,235.21 1 8
github.com/elithrar/simple-scrypt/scrypt.go:235.21,237.3 1 0
github.com/elithrar/simple-scrypt/scrypt.go:238.2,239.16 2 8
github.com/elithrar/simple-scrypt/scrypt.go:239.16,241.3 1 0
github.com/elithrar/simple-scrypt/scrypt.go:242.2,263.50 6 8
github.com/elithrar/simple-scrypt/scrypt.go:263.50,265.3 1 122
github.com/elithrar/simple-scrypt/scrypt.go:266.2,270.78 3 8
github.com/elithrar/simple-scrypt/scrypt.go:270.78,272.3 1 0
github.com/elithrar/simple-scrypt/scrypt.go:273.2,276.20 2 8
github.com/elithrar/simple-scrypt/scrypt.go:276.20,280.79 3 10
github.com/elithrar/simple-scrypt/scrypt.go:280.79,282.4 1 0
github.com/elithrar/simple-scrypt/scrypt.go:283.3,283.26 1 10
github.com/elithrar/simple-scrypt/scrypt.go:288.2,288.20 1 8
github.com/elithrar/simple-scrypt/scrypt.go:288.20,292.23 2 23
github.com/elithrar/simple-scrypt/scrypt.go:292.23,295.4 1 12
github.com/elithrar/simple-scrypt/scrypt.go:295.9,297.4 1 11
github.com/elithrar/simple-scrypt/scrypt.go:299.3,300.79 2 23
github.com/elithrar/simple-scrypt/scrypt.go:300.79,302.4 1 0
github.com/elithrar/simple-scrypt/scrypt.go:303.3,303.26 1 23
github.com/elithrar/simple-scrypt/scrypt.go:306.2,308.21 2 8
