mode: set
github.com/elithrar/simple-scrypt/scrypt.go:53.49,57.16 3 1
github.com/elithrar/simple-scrypt/scrypt.go:61.2,61.15 1 1
github.com/elithrar/simple-scrypt/scrypt.go:57.16,59.3 1 0
github.com/elithrar/simple-scrypt/scrypt.go:69.75,71.16 2 1
github.com/elithrar/simple-scrypt/scrypt.go:75.2,75.39 1 1
github.com/elithrar/simple-scrypt/scrypt.go:80.2,81.16 2 1
github.com/elithrar/simple-scrypt/scrypt.go:87.2,87.91 1 1
github.com/elithrar/simple-scrypt/scrypt.go:71.16,73.3 1 0
github.com/elithrar/simple-scrypt/scrypt.go:75.39,77.3 1 1
github.com/elithrar/simple-scrypt/scrypt.go:81.16,83.3 1 0
github.com/elithrar/simple-scrypt/scrypt.go:94.65,97.16 2 1
github.com/elithrar/simple-scrypt/scrypt.go:102.2,103.16 2 1
github.com/elithrar/simple-scrypt/scrypt.go:108.2,108.48 1 1
github.com/elithrar/simple-scrypt/scrypt.go:112.2,112.37 1 1
github.com/elithrar/simple-scrypt/scrypt.go:97.16,99.3 1 1
github.com/elithrar/simple-scrypt/scrypt.go:103.16,105.3 1 0
github.com/elithrar/simple-scrypt/scrypt.go:108.48,110.3 1 1
github.com/elithrar/simple-scrypt/scrypt.go:117.32,119.44 1 1
github.com/elithrar/simple-scrypt/scrypt.go:124.2,124.29 1 1
github.com/elithrar/simple-scrypt/scrypt.go:129.2,129.29 1 1
github.com/elithrar/simple-scrypt/scrypt.go:135.2,135.106 1 1
github.com/elithrar/simple-scrypt/scrypt.go:140.2,140.50 1 1
github.com/elithrar/simple-scrypt/scrypt.go:145.2,145.44 1 1
github.com/elithrar/simple-scrypt/scrypt.go:149.2,149.12 1 1
github.com/elithrar/simple-scrypt/scrypt.go:119.44,121.3 1 1
github.com/elithrar/simple-scrypt/scrypt.go:124.29,126.3 1 1
github.com/elithrar/simple-scrypt/scrypt.go:129.29,131.3 1 1
github.com/elithrar/simple-scrypt/scrypt.go:135.106,137.3 1 1
github.com/elithrar/simple-scrypt/scrypt.go:140.50,142.3 1 1
github.com/elithrar/simple-scrypt/scrypt.go:145.44,147.3 1 1
github.com/elithrar/simple-scrypt/scrypt.go:155.62,159.20 2 1
github.com/elithrar/simple-scrypt/scrypt.go:163.2,167.16 4 1
github.com/elithrar/simple-scrypt/scrypt.go:171.2,172.16 2 1
github.com/elithrar/simple-scrypt/scrypt.go:176.2,177.16 2 1
github.com/elithrar/simple-scrypt/scrypt.go:181.2,182.16 2 1
github.com/elithrar/simple-scrypt/scrypt.go:185.2,188.16 3 1
github.com/elithrar/simple-scrypt/scrypt.go:191.2,193.39 2 1
github.com/elithrar/simple-scrypt/scrypt.go:197.2,197.30 1 1
github.com/elithrar/simple-scrypt/scrypt.go:159.20,161.3 1 1
github.com/elithrar/simple-scrypt/scrypt.go:167.16,169.3 1 1
github.com/elithrar/simple-scrypt/scrypt.go:172.16,174.3 1 1
github.com/elithrar/simple-scrypt/scrypt.go:177.16,179.3 1 1
github.com/elithrar/simple-scrypt/scrypt.go:182.16,184.3 1 1
github.com/elithrar/simple-scrypt/scrypt.go:188.16,190.3 1 1
github.com/elithrar/simple-scrypt/scrypt.go:193.39,195.3 1 1
github.com/elithrar/simple-scrypt/scrypt.go:203.40,207.2 2 1
